<?xml version="1.0" encoding="UTF-8"?>
<testng-results ignored="0" total="6" passed="6" failed="0" skipped="0">
  <reporter-output>
  </reporter-output>
  <suite started-at="2024-03-11T16:52:33 IST" name="Suite" finished-at="2024-03-11T16:54:53 IST" duration-ms="140454">
    <groups>
    </groups>
    <test started-at="2024-03-11T16:52:33 IST" name="Test1" finished-at="2024-03-11T16:54:53 IST" duration-ms="140454">
      <class name="test_Book.BaseClass">
        <test-method is-config="true" signature="setup_Browser(java.lang.String,java.lang.String)[pri:0, instance:test_Book.BaseClass@752325ad]" started-at="2024-03-11T16:52:34 IST" name="setup_Browser" finished-at="2024-03-11T16:52:47 IST" duration-ms="13930" status="PASS">
          <params>
            <param index="0">
              <value>
                <![CDATA[chrome]]>
              </value>
            </param>
            <param index="1">
              <value>
                <![CDATA[https://www.urbanladder.com/]]>
              </value>
            </param>
          </params>
          <reporter-output>
          </reporter-output>
        </test-method> <!-- setup_Browser -->
        <test-method signature="VerifyWebsite()[pri:1, instance:test_Book.BaseClass@752325ad]" started-at="2024-03-11T16:52:48 IST" name="VerifyWebsite" finished-at="2024-03-11T16:53:08 IST" duration-ms="20872" status="PASS">
          <reporter-output>
          </reporter-output>
        </test-method> <!-- VerifyWebsite -->
        <test-method signature="displayBookShelves()[pri:2, instance:test_Book.BaseClass@752325ad]" started-at="2024-03-11T16:53:09 IST" name="displayBookShelves" finished-at="2024-03-11T16:53:49 IST" duration-ms="39454" status="PASS">
          <reporter-output>
          </reporter-output>
        </test-method> <!-- displayBookShelves -->
        <test-method signature="ByAtHome()[pri:3, instance:test_Book.BaseClass@752325ad]" started-at="2024-03-11T16:53:49 IST" name="ByAtHome" finished-at="2024-03-11T16:54:11 IST" duration-ms="22343" status="PASS">
          <reporter-output>
          </reporter-output>
        </test-method> <!-- ByAtHome -->
        <test-method signature="giftCard()[pri:4, instance:test_Book.BaseClass@752325ad]" started-at="2024-03-11T16:54:12 IST" name="giftCard" finished-at="2024-03-11T16:54:26 IST" duration-ms="14294" status="PASS">
          <reporter-output>
          </reporter-output>
        </test-method> <!-- giftCard -->
        <test-method signature="giftCardformNegative()[pri:5, instance:test_Book.BaseClass@752325ad]" started-at="2024-03-11T16:54:26 IST" name="giftCardformNegative" finished-at="2024-03-11T16:54:40 IST" duration-ms="13290" status="PASS">
          <reporter-output>
          </reporter-output>
        </test-method> <!-- giftCardformNegative -->
        <test-method signature="giftCardformPositive()[pri:6, instance:test_Book.BaseClass@752325ad]" started-at="2024-03-11T16:54:40 IST" name="giftCardformPositive" finished-at="2024-03-11T16:54:51 IST" duration-ms="11404" status="PASS">
          <reporter-output>
          </reporter-output>
        </test-method> <!-- giftCardformPositive -->
        <test-method is-config="true" signature="close_Browser()[pri:0, instance:test_Book.BaseClass@752325ad]" started-at="2024-03-11T16:54:52 IST" name="close_Browser" finished-at="2024-03-11T16:54:53 IST" duration-ms="1254" status="PASS">
          <reporter-output>
          </reporter-output>
        </test-method> <!-- close_Browser -->
      </class> <!-- test_Book.BaseClass -->
    </test> <!-- Test1 -->
  </suite> <!-- Suite -->
</testng-results>
